<?xml version="1.0" encoding="UTF-8" ?>
<testsuite tests="1" failures="1" name="com.demo.SearchObservationTest" time="6.124" errors="0" skipped="0">
  <properties>
[...]
</properties>
  <testcase classname="com.demo.SearchObservationTest" name="byObservationId" time="6.124">
    <failure message="no such window: target window already closed
from unknown error: web view not found
  (Session info: chrome=80.0.3987.149)
Build info: version: &apos;3.141.59&apos;, revision: &apos;e82be7d358&apos;, time: &apos;2018-11-14T08:17:03&apos;
System info: host: &apos;apollo&apos;, ip: &apos;192.168.1.153&apos;, os.name: &apos;Linux&apos;, os.arch: &apos;amd64&apos;, os.version: &apos;5.5.13-200.fc31.x86_64&apos;, java.version: &apos;13.0.2&apos;
Driver info: org.openqa.selenium.chrome.ChromeDriver
Capabilities {acceptInsecureCerts: false, browserName: chrome, browserVersion: 80.0.3987.149, chrome: {chromedriverVersion: 80.0.3987.106 (f68069574609..., userDataDir: /tmp/.com.google.Chrome.phCzAH}, goog:chromeOptions: {debuggerAddress: localhost:34589}, javascriptEnabled: true, networkConnectionEnabled: false, pageLoadStrategy: normal, platform: LINUX, platformName: LINUX, proxy: Proxy(), setWindowRect: true, strictFileInteractability: false, timeouts: {implicit: 0, pageLoad: 300000, script: 30000}, unhandledPromptBehavior: dismiss and notify}
Session ID: 937437546c604af482e1b5c0b1861601
*** Element info: {Using=id, value=search-input-mous}" type="org.openqa.selenium.NoSuchWindowException">org.openqa.selenium.NoSuchWindowException: no such window: target window already closed
from unknown error: web view not found
  (Session info: chrome=80.0.3987.149)
Build info: version: &apos;3.141.59&apos;, revision: &apos;e82be7d358&apos;, time: &apos;2018-11-14T08:17:03&apos;
System info: host: &apos;apollo&apos;, ip: &apos;192.168.1.153&apos;, os.name: &apos;Linux&apos;, os.arch: &apos;amd64&apos;, os.version: &apos;5.5.13-200.fc31.x86_64&apos;, java.version: &apos;13.0.2&apos;
Driver info: org.openqa.selenium.chrome.ChromeDriver
Capabilities {acceptInsecureCerts: false, browserName: chrome, browserVersion: 80.0.3987.149, chrome: {chromedriverVersion: 80.0.3987.106 (f68069574609..., userDataDir: /tmp/.com.google.Chrome.phCzAH}, goog:chromeOptions: {debuggerAddress: localhost:34589}, javascriptEnabled: true, networkConnectionEnabled: false, pageLoadStrategy: normal, platform: LINUX, platformName: LINUX, proxy: Proxy(), setWindowRect: true, strictFileInteractability: false, timeouts: {implicit: 0, pageLoad: 300000, script: 30000}, unhandledPromptBehavior: dismiss and notify}
Session ID: 937437546c604af482e1b5c0b1861601
*** Element info: {Using=id, value=search-input-mous}
	at java.base/jdk.internal.reflect.NativeConstructorAccessorImpl.newInstance0(Native Method)
	at java.base/jdk.internal.reflect.NativeConstructorAccessorImpl.newInstance(NativeConstructorAccessorImpl.java:62)
	at java.base/jdk.internal.reflect.DelegatingConstructorAccessorImpl.newInstance(DelegatingConstructorAccessorImpl.java:45)
	at java.base/java.lang.reflect.Constructor.newInstanceWithCaller(Constructor.java:500)
	at java.base/java.lang.reflect.Constructor.newInstance(Constructor.java:481)
	at org.openqa.selenium.remote.http.W3CHttpResponseCodec.createException(W3CHttpResponseCodec.java:187)
	at org.openqa.selenium.remote.http.W3CHttpResponseCodec.decode(W3CHttpResponseCodec.java:122)
	at org.openqa.selenium.remote.http.W3CHttpResponseCodec.decode(W3CHttpResponseCodec.java:49)
	at org.openqa.selenium.remote.HttpCommandExecutor.execute(HttpCommandExecutor.java:158)
	at org.openqa.selenium.remote.service.DriverCommandExecutor.execute(DriverCommandExecutor.java:83)
	at org.openqa.selenium.remote.RemoteWebDriver.execute(RemoteWebDriver.java:552)
	at org.openqa.selenium.remote.RemoteWebDriver.findElement(RemoteWebDriver.java:323)
	at org.openqa.selenium.remote.RemoteWebDriver.findElementById(RemoteWebDriver.java:372)
	at org.openqa.selenium.By$ById.findElement(By.java:188)
	at org.openqa.selenium.remote.RemoteWebDriver.findElement(RemoteWebDriver.java:315)
	at org.openqa.selenium.support.pagefactory.DefaultElementLocator.findElement(DefaultElementLocator.java:69)
	at org.openqa.selenium.support.pagefactory.AjaxElementLocator.access$001(AjaxElementLocator.java:39)
	at org.openqa.selenium.support.pagefactory.AjaxElementLocator$SlowLoadingElement.isLoaded(AjaxElementLocator.java:165)
	at org.openqa.selenium.support.ui.SlowLoadableComponent.get(SlowLoadableComponent.java:61)
	at org.openqa.selenium.support.pagefactory.AjaxElementLocator.findElement(AjaxElementLocator.java:95)
	at org.openqa.selenium.support.pagefactory.internal.LocatingElementHandler.invoke(LocatingElementHandler.java:38)
	at ru.yandex.qatools.htmlelements.loader.decorator.proxyhandlers.WebElementNamedProxyHandler.invoke(WebElementNamedProxyHandler.java:43)
	at com.sun.proxy.$Proxy8.clear(Unknown Source)
	at ru.yandex.qatools.htmlelements.element.TypifiedElement.clear(TypifiedElement.java:127)
	at com.demo.ui.selenium.elements.WebInput.sendKeys(WebInput.java:14)
	at com.demo.example.ui.page.home.DashBoardPage.searchByID(DashBoardPage.java:29)
	at com.demo.SearchObservationTest.byObservationId(SearchObservationTest.java:21)
</failure>
    <system-out>Configuring TestNG with: org.apache.maven.surefire.testng.conf.TestNG652Configurator@42f30e0a
2020-04-23 18:40:28 INFO  Config:25 - Reading property file /home/evgen/Desktop/core/target/classes/.config.properties
2020-04-23 18:40:29 INFO  WebDriverManager:1073 - Exporting webdriver.chrome.driver as /home/evgen/.m2/repository/webdriver/chromedriver/linux64/81.0.4044.69/chromedriver
2020-04-23 18:40:33 INFO  WebBaseElement:20 - Selenium initialization done
2020-04-23 18:40:33 INFO  SeleniumUtils:14 - Selenium going to open [https://almascience.eso.org/asax/]
2020-04-23 18:40:37 INFO  SearchObservationTest:19 - Step 1: Set filter by observation id
2020-04-23 18:40:43 INFO  WebBaseElement:57 - Element is visible
</system-out>
    <system-err>Starting ChromeDriver 80.0.3987.106 (f68069574609230cf9b635cd784cfb1bf81bb53a-refs/branch-heads/3987@{#882}) on port 31362
Only local connections are allowed.
Please protect ports used by ChromeDriver and related test frameworks to prevent access by malicious code.
Apr 23, 2020 6:40:33 PM org.openqa.selenium.remote.ProtocolHandshake createSession
INFO: Detected dialect: W3C
[1587649234.822][SEVERE]: Timed out receiving message from renderer: 0.100
[1587649234.923][SEVERE]: Timed out receiving message from renderer: 0.100
[1587649235.026][SEVERE]: Timed out receiving message from renderer: 0.100
[1587649235.128][SEVERE]: Timed out receiving message from renderer: 0.100
[1587649235.230][SEVERE]: Timed out receiving message from renderer: 0.100
[1587649235.332][SEVERE]: Timed out receiving message from renderer: 0.100
[1587649235.434][SEVERE]: Timed out receiving message from renderer: 0.100
[1587649235.535][SEVERE]: Timed out receiving message from renderer: 0.100
[1587649235.637][SEVERE]: Timed out receiving message from renderer: 0.100
[1587649235.993][SEVERE]: Timed out receiving message from renderer: 0.100
[1587649236.096][SEVERE]: Timed out receiving message from renderer: 0.100
[1587649236.198][SEVERE]: Timed out receiving message from renderer: 0.100
[1587649236.300][SEVERE]: Timed out receiving message from renderer: 0.100
[1587649236.401][SEVERE]: Timed out receiving message from renderer: 0.100
[1587649236.508][SEVERE]: Timed out receiving message from renderer: 0.100
[1587649236.609][SEVERE]: Timed out receiving message from renderer: 0.100
[1587649236.711][SEVERE]: Timed out receiving message from renderer: 0.100
[1587649236.813][SEVERE]: Timed out receiving message from renderer: 0.100
[1587649236.915][SEVERE]: Timed out receiving message from renderer: 0.100
[1587649237.018][SEVERE]: Timed out receiving message from renderer: 0.100
[1587649237.119][SEVERE]: Timed out receiving message from renderer: 0.100
[1587649243.861][SEVERE]: Unable to receive message from renderer
</system-err>
  </testcase>
</testsuite>